<?xml version="1.0" encoding="UTF-8"?>
<!-- Generated by org.testng.reporters.JUnitReportReporter -->
<testsuite hostname="Devansh" failures="0" tests="4" name="test.TestCases" time="424.490" errors="0" timestamp="2023-06-07T22:22:16 IST" skipped="0">
  <testcase classname="test.TestCases" name="testDisplayTopCities" time="7.742"/>
  <system-out/>
  <testcase classname="test.TestCases" name="testDisplayHospitalsWithoutParking" time="61.796"/>
  <system-out/>
  <testcase classname="test.TestCases" name="testHospitalsWithoutParking" time="60.467"/>
  <system-out/>
  <testcase classname="test.TestCases" name="testHospitalsWithParking" time="294.485"/>
  <system-out/>
</testsuite> <!-- test.TestCases -->
