<?xml version="1.0" encoding="UTF-8"?>
<!-- Generated by org.testng.reporters.JUnitReportReporter -->
<testsuite hostname="LTIN218916" failures="0" tests="1" name="test.SmokeTests" time="37.139" errors="0" timestamp="2023-06-07T11:33:22 IST" skipped="0">
  <testcase classname="test.SmokeTests" name="testHospitalsHomePage" time="37.139"/>
  <system-out/>
</testsuite> <!-- test.SmokeTests -->
